This file contains any messages produced by compilers while
running configure, to aid debugging if configure makes a mistake.

It was created by configure, which was
generated by GNU Autoconf 2.52.20061216.  Invocation command line was

  $ ./configure --prefix=/home/imk/symbian/epocroot-pdk-3.0.h/linux_build/sbsv2/raptor/linux-unknown-libc2_11

## ---------- ##
## Platform.  ##
## ---------- ##

hostname = imk-ubuntu
uname -m = i686
uname -r = 2.6.32-22-generic
uname -s = Linux
uname -v = #33-Ubuntu SMP Wed Apr 28 13:27:30 UTC 2010

/usr/bin/uname -p = unknown
/bin/uname -X     = unknown

/bin/arch              = unknown
/usr/bin/arch -k       = unknown
/usr/convex/getsysinfo = unknown
hostinfo               = unknown
/bin/machine           = unknown
/usr/bin/oslevel       = unknown
/bin/universe          = unknown

PATH = /home/imk/bin:/usr/local/sbin:/usr/local/bin:/usr/sbin:/usr/bin:/sbin:/bin:/usr/games

## ------------ ##
## Core tests.  ##
## ------------ ##

configure:992: PATH=".;."; conftest.sh
./configure: line 993: conftest.sh: command not found
configure:995: $? = 127
configure:1007: checking for package version
configure:1028: result: 1.1
configure:1031: checking for package patch date
configure:1048: result: 20080819
configure:1139: checking for gcc
configure:1154: found /usr/bin/gcc
configure:1162: result: gcc
configure:1390: checking for C compiler version
configure:1393: gcc --version </dev/null >&5
gcc (Ubuntu 4.4.3-4ubuntu5) 4.4.3
Copyright (C) 2009 Free Software Foundation, Inc.
This is free software; see the source for copying conditions.  There is NO
warranty; not even for MERCHANTABILITY or FITNESS FOR A PARTICULAR PURPOSE.

configure:1396: $? = 0
configure:1398: gcc -v </dev/null >&5
Using built-in specs.
Target: i486-linux-gnu
Configured with: ../src/configure -v --with-pkgversion='Ubuntu 4.4.3-4ubuntu5' --with-bugurl=file:///usr/share/doc/gcc-4.4/README.Bugs --enable-languages=c,c++,fortran,objc,obj-c++ --prefix=/usr --enable-shared --enable-multiarch --enable-linker-build-id --with-system-zlib --libexecdir=/usr/lib --without-included-gettext --enable-threads=posix --with-gxx-include-dir=/usr/include/c++/4.4 --program-suffix=-4.4 --enable-nls --enable-clocale=gnu --enable-libstdcxx-debug --enable-plugin --enable-objc-gc --enable-targets=all --disable-werror --with-arch-32=i486 --with-tune=generic --enable-checking=release --build=i486-linux-gnu --host=i486-linux-gnu --target=i486-linux-gnu
Thread model: posix
gcc version 4.4.3 (Ubuntu 4.4.3-4ubuntu5) 
configure:1401: $? = 0
configure:1403: gcc -V </dev/null >&5
gcc: '-V' option must have argument
configure:1406: $? = 1
configure:1426: checking for C compiler default output
configure:1429: gcc -O3 -mtune=i686 -s   conftest.c  >&5
configure:1432: $? = 0
configure:1461: result: a.out
configure:1466: checking whether the C compiler works
configure:1472: ./a.out
configure:1475: $? = 0
configure:1490: result: yes
configure:1497: checking whether we are cross compiling
configure:1499: result: no
configure:1502: checking for executable suffix
configure:1504: gcc -o conftest -O3 -mtune=i686 -s   conftest.c  >&5
configure:1507: $? = 0
configure:1529: result: 
configure:1535: checking for object suffix
configure:1553: gcc -c -O3 -mtune=i686 -s  conftest.c >&5
configure:1556: $? = 0
configure:1575: result: o
configure:1579: checking whether we are using the GNU C compiler
configure:1600: gcc -c -O3 -mtune=i686 -s  conftest.c >&5
configure:1603: $? = 0
configure:1606: test -s conftest.o
configure:1609: $? = 0
configure:1621: result: yes
configure:1627: checking whether gcc accepts -g
configure:1645: gcc -c -g  conftest.c >&5
configure:1648: $? = 0
configure:1651: test -s conftest.o
configure:1654: $? = 0
configure:1664: result: yes
configure:1691: gcc -c -O3 -mtune=i686 -s  conftest.c >&5
conftest.c:2: error: expected '=', ',', ';', 'asm' or '__attribute__' before 'me'
configure:1694: $? = 1
configure: failed program was:
#ifndef __cplusplus
  choke me
#endif
configure:1799: checking how to run the C preprocessor
configure:1825: gcc -E  conftest.c
configure:1831: $? = 0
configure:1858: gcc -E  conftest.c
configure:1855:28: error: ac_nonexistent.h: No such file or directory
configure:1864: $? = 1
configure: failed program was:
#line 1854 "configure"
#include "confdefs.h"
#include <ac_nonexistent.h>
configure:1901: result: gcc -E
configure:1916: gcc -E  conftest.c
configure:1922: $? = 0
configure:1949: gcc -E  conftest.c
configure:1946:28: error: ac_nonexistent.h: No such file or directory
configure:1955: $? = 1
configure: failed program was:
#line 1945 "configure"
#include "confdefs.h"
#include <ac_nonexistent.h>
configure:1996: checking whether gcc needs -traditional
configure:2031: result: no
configure:2038: checking whether make sets ${MAKE}
configure:2058: result: yes
configure:2105: checking for ranlib
configure:2120: found /usr/bin/ranlib
configure:2129: result: ranlib
configure:2178: checking for a BSD compatible install
configure:2227: result: /usr/bin/install -c
configure:2276: checking for ar
configure:2291: found /usr/bin/ar
configure:2300: result: ar
configure:2312: checking for POSIXized ISC
configure:2331: result: no
configure:2336: checking for gcc option to accept ANSI C
configure:2393: gcc  -c -O3 -mtune=i686 -s  conftest.c >&5
configure:2396: $? = 0
configure:2399: test -s conftest.o
configure:2402: $? = 0
configure:2419: result: none needed
configure:2427: checking for an ANSI C-conforming const
configure:2491: gcc -c -O3 -mtune=i686 -s  conftest.c >&5
configure:2494: $? = 0
configure:2497: test -s conftest.o
configure:2500: $? = 0
configure:2510: result: yes
configure:2520: checking for makeflags variable
configure:2554: result: 
configure:2557: checking if filesystem supports mixed-case filenames
configure:2584: result: yes
configure:2592: checking for ctags
configure:2607: found /usr/bin/ctags
configure:2616: result: yes
configure:2626: checking for etags
configure:2641: found /usr/bin/etags
configure:2650: result: yes
configure:2673: checking if you want to see long compiling messages
configure:2707: result: yes
configure:2716: checking build system type
configure:2734: result: i686-pc-linux-gnu
configure:2742: checking host system type
configure:2756: result: i686-pc-linux-gnu
configure:2781: result: Configuring for linux-gnu
configure:2815: checking if gcc -U and -D options work together
configure:2843: gcc -c -O3 -mtune=i686 -s -UU_D_OPTIONS -DU_D_OPTIONS -DD_U_OPTIONS -UD_U_OPTIONS conftest.c >&5
configure:2846: $? = 0
configure:2849: test -s conftest.o
configure:2852: $? = 0
configure:2866: result: yes
configure:2892: checking if we must define _GNU_SOURCE
configure:2914: gcc -c -O3 -mtune=i686 -s  conftest.c >&5
configure: In function 'main':
configure:2906: error: 'make' undeclared (first use in this function)
configure:2906: error: (Each undeclared identifier is reported only once
configure:2906: error: for each function it appears in.)
configure:2906: error: expected ';' before 'an'
configure:2917: $? = 1
configure: failed program was:
#line 2899 "configure"
#include "confdefs.h"
#include <sys/types.h>
int
main ()
{

#ifndef _XOPEN_SOURCE
make an error
#endif
  ;
  return 0;
}
configure:2947: gcc -c -O3 -mtune=i686 -s  -D_GNU_SOURCE conftest.c >&5
configure: In function 'main':
configure:2939: error: 'make' undeclared (first use in this function)
configure:2939: error: (Each undeclared identifier is reported only once
configure:2939: error: for each function it appears in.)
configure:2939: error: expected ';' before 'an'
configure:2950: $? = 1
configure: failed program was:
#line 2932 "configure"
#include "confdefs.h"
#include <sys/types.h>
int
main ()
{

#ifdef _XOPEN_SOURCE
make an error
#endif
  ;
  return 0;
}
configure:2971: result: yes
configure:3272: checking for special C compiler options needed for large files
configure:3346: result: no
configure:3352: checking for _FILE_OFFSET_BITS value needed for large files
configure:3380: gcc -c -O3 -mtune=i686 -s  -D_GNU_SOURCE conftest.c >&5
configure:3367: warning: left shift count >= width of type
configure:3367: warning: left shift count >= width of type
configure:3369: error: size of array 'off_t_is_large' is negative
configure:3383: $? = 1
configure: failed program was:
#line 3360 "configure"
#include "confdefs.h"
#include <sys/types.h>
 /* Check that off_t can represent 2**63 - 1 correctly.
    We can't simply define LARGE_OFF_T to be 9223372036854775807,
    since some C++ compilers masquerading as C compilers
    incorrectly reject 9223372036854775807.  */
#define LARGE_OFF_T (((off_t) 1 << 62) - 1 + ((off_t) 1 << 62))
  int off_t_is_large[(LARGE_OFF_T % 2147483629 == 721
		       && LARGE_OFF_T % 2147483647 == 1)
		      ? 1 : -1];
int
main ()
{

  ;
  return 0;
}
configure:3419: gcc -c -O3 -mtune=i686 -s  -D_GNU_SOURCE conftest.c >&5
configure:3422: $? = 0
configure:3425: test -s conftest.o
configure:3428: $? = 0
configure:3439: result: 64
configure:3449: checking for _LARGE_FILES value needed for large files
configure:3477: gcc -c -O3 -mtune=i686 -s  -D_GNU_SOURCE conftest.c >&5
configure:3480: $? = 0
configure:3483: test -s conftest.o
configure:3486: $? = 0
configure:3536: result: no
configure:3549: checking for _LARGEFILE_SOURCE value needed for large files
configure:3569: gcc -c -O3 -mtune=i686 -s  -D_GNU_SOURCE conftest.c >&5
configure:3572: $? = 0
configure:3575: test -s conftest.o
configure:3578: $? = 0
configure:3620: result: no
configure:3634: checking for fseeko
configure:3652: gcc -o conftest -O3 -mtune=i686 -s  -D_GNU_SOURCE  conftest.c  >&5
configure:3655: $? = 0
configure:3658: test -s conftest
configure:3661: $? = 0
configure:3671: result: yes
configure:3692: checking whether to use struct dirent64
configure:3720: gcc -c -O3 -mtune=i686 -s  -D_GNU_SOURCE -D_FILE_OFFSET_BITS=64  conftest.c >&5
configure: In function 'main':
configure:3709: error: conflicting types for 'readdir'
/usr/include/dirent.h:166: note: previous declaration of 'readdir' was here
configure:3711: warning: initialization from incompatible pointer type
configure:3712: error: invalid operands to binary - (have 'struct dirent64 *' and 'struct dirent *')
configure:3723: $? = 1
configure: failed program was:
#line 3699 "configure"
#include "confdefs.h"

#include <sys/types.h>
#include <dirent.h>

int
main ()
{

		/* if transitional largefile support is setup, this is true */
		extern struct dirent64 * readdir(DIR *);
		struct dirent64 *x = readdir((DIR *)0);
		struct dirent *y = readdir((DIR *)0);
		int z = x - y;

  ;
  return 0;
}
configure:3740: result: no
configure:3750: checking version of gcc
configure:3754: result: 4.4.3
configure:3760: checking if you want to check for gcc warnings
configure:3770: result: no
configure:4003: checking for ANSI C header files
configure:4017: gcc -E  -D_GNU_SOURCE -D_FILE_OFFSET_BITS=64  conftest.c
configure:4023: $? = 0
configure:4110: gcc -o conftest -O3 -mtune=i686 -s  -D_GNU_SOURCE -D_FILE_OFFSET_BITS=64   conftest.c  >&5
configure:4113: $? = 0
configure:4115: ./conftest
configure:4118: $? = 0
configure:4131: result: yes
configure:4141: checking for inline
configure:4158: gcc -c -O3 -mtune=i686 -s  -D_GNU_SOURCE -D_FILE_OFFSET_BITS=64  conftest.c >&5
configure:4161: $? = 0
configure:4164: test -s conftest.o
configure:4167: $? = 0
configure:4178: result: inline
configure:4199: checking for sys/types.h
configure:4211: gcc -c -O3 -mtune=i686 -s  -D_GNU_SOURCE -D_FILE_OFFSET_BITS=64  conftest.c >&5
configure:4214: $? = 0
configure:4217: test -s conftest.o
configure:4220: $? = 0
configure:4230: result: yes
configure:4199: checking for sys/stat.h
configure:4211: gcc -c -O3 -mtune=i686 -s  -D_GNU_SOURCE -D_FILE_OFFSET_BITS=64  conftest.c >&5
configure:4214: $? = 0
configure:4217: test -s conftest.o
configure:4220: $? = 0
configure:4230: result: yes
configure:4199: checking for stdlib.h
configure:4211: gcc -c -O3 -mtune=i686 -s  -D_GNU_SOURCE -D_FILE_OFFSET_BITS=64  conftest.c >&5
configure:4214: $? = 0
configure:4217: test -s conftest.o
configure:4220: $? = 0
configure:4230: result: yes
configure:4199: checking for string.h
configure:4211: gcc -c -O3 -mtune=i686 -s  -D_GNU_SOURCE -D_FILE_OFFSET_BITS=64  conftest.c >&5
configure:4214: $? = 0
configure:4217: test -s conftest.o
configure:4220: $? = 0
configure:4230: result: yes
configure:4199: checking for memory.h
configure:4211: gcc -c -O3 -mtune=i686 -s  -D_GNU_SOURCE -D_FILE_OFFSET_BITS=64  conftest.c >&5
configure:4214: $? = 0
configure:4217: test -s conftest.o
configure:4220: $? = 0
configure:4230: result: yes
configure:4199: checking for strings.h
configure:4211: gcc -c -O3 -mtune=i686 -s  -D_GNU_SOURCE -D_FILE_OFFSET_BITS=64  conftest.c >&5
configure:4214: $? = 0
configure:4217: test -s conftest.o
configure:4220: $? = 0
configure:4230: result: yes
configure:4199: checking for inttypes.h
configure:4211: gcc -c -O3 -mtune=i686 -s  -D_GNU_SOURCE -D_FILE_OFFSET_BITS=64  conftest.c >&5
configure:4214: $? = 0
configure:4217: test -s conftest.o
configure:4220: $? = 0
configure:4230: result: yes
configure:4199: checking for stdint.h
configure:4211: gcc -c -O3 -mtune=i686 -s  -D_GNU_SOURCE -D_FILE_OFFSET_BITS=64  conftest.c >&5
configure:4214: $? = 0
configure:4217: test -s conftest.o
configure:4220: $? = 0
configure:4230: result: yes
configure:4199: checking for unistd.h
configure:4211: gcc -c -O3 -mtune=i686 -s  -D_GNU_SOURCE -D_FILE_OFFSET_BITS=64  conftest.c >&5
configure:4214: $? = 0
configure:4217: test -s conftest.o
configure:4220: $? = 0
configure:4230: result: yes
configure:4240: checking for off_t
configure:4261: gcc -c -O3 -mtune=i686 -s  -D_GNU_SOURCE -D_FILE_OFFSET_BITS=64  conftest.c >&5
configure:4264: $? = 0
configure:4267: test -s conftest.o
configure:4270: $? = 0
configure:4280: result: yes
configure:4292: checking for size_t
configure:4313: gcc -c -O3 -mtune=i686 -s  -D_GNU_SOURCE -D_FILE_OFFSET_BITS=64  conftest.c >&5
configure:4316: $? = 0
configure:4319: test -s conftest.o
configure:4322: $? = 0
configure:4332: result: yes
configure:4346: checking for working alloca.h
configure:4364: gcc -o conftest -O3 -mtune=i686 -s  -D_GNU_SOURCE -D_FILE_OFFSET_BITS=64   conftest.c  >&5
configure:4367: $? = 0
configure:4370: test -s conftest
configure:4373: $? = 0
configure:4383: result: yes
configure:4393: checking for alloca
configure:4431: gcc -o conftest -O3 -mtune=i686 -s  -D_GNU_SOURCE -D_FILE_OFFSET_BITS=64   conftest.c  >&5
configure:4434: $? = 0
configure:4437: test -s conftest
configure:4440: $? = 0
configure:4450: result: yes
configure:4634: checking for stdlib.h
configure:4669: result: yes
configure:4634: checking for unistd.h
configure:4669: result: yes
configure:4682: checking for getpagesize
configure:4719: gcc -o conftest -O3 -mtune=i686 -s  -D_GNU_SOURCE -D_FILE_OFFSET_BITS=64   conftest.c  >&5
configure:4722: $? = 0
configure:4725: test -s conftest
configure:4728: $? = 0
configure:4738: result: yes
configure:4748: checking for working mmap
configure:4884: gcc -o conftest -O3 -mtune=i686 -s  -D_GNU_SOURCE -D_FILE_OFFSET_BITS=64   conftest.c  >&5
configure:4887: $? = 0
configure:4889: ./conftest
configure:4892: $? = 0
configure:4904: result: yes
configure:4915: checking whether we are using the GNU C Library 2.1 or newer
configure:4941: result: yes
configure:4970: checking for argz.h
configure:4980: gcc -E  -D_GNU_SOURCE -D_FILE_OFFSET_BITS=64  conftest.c
configure:4986: $? = 0
configure:5005: result: yes
configure:4970: checking for limits.h
configure:4980: gcc -E  -D_GNU_SOURCE -D_FILE_OFFSET_BITS=64  conftest.c
configure:4986: $? = 0
configure:5005: result: yes
configure:4970: checking for locale.h
configure:4980: gcc -E  -D_GNU_SOURCE -D_FILE_OFFSET_BITS=64  conftest.c
configure:4986: $? = 0
configure:5005: result: yes
configure:4970: checking for nl_types.h
configure:4980: gcc -E  -D_GNU_SOURCE -D_FILE_OFFSET_BITS=64  conftest.c
configure:4986: $? = 0
configure:5005: result: yes
configure:4970: checking for malloc.h
configure:4980: gcc -E  -D_GNU_SOURCE -D_FILE_OFFSET_BITS=64  conftest.c
configure:4986: $? = 0
configure:5005: result: yes
configure:4970: checking for stddef.h
configure:4980: gcc -E  -D_GNU_SOURCE -D_FILE_OFFSET_BITS=64  conftest.c
configure:4986: $? = 0
configure:5005: result: yes
configure:4970: checking for stdlib.h
configure:5005: result: yes
configure:4970: checking for string.h
configure:5005: result: yes
configure:4970: checking for unistd.h
configure:5005: result: yes
configure:4970: checking for sys/param.h
configure:4980: gcc -E  -D_GNU_SOURCE -D_FILE_OFFSET_BITS=64  conftest.c
configure:4986: $? = 0
configure:5005: result: yes
configure:5020: checking for feof_unlocked
configure:5057: gcc -o conftest -O3 -mtune=i686 -s  -D_GNU_SOURCE -D_FILE_OFFSET_BITS=64   conftest.c  >&5
configure:5060: $? = 0
configure:5063: test -s conftest
configure:5066: $? = 0
configure:5076: result: yes
configure:5020: checking for fgets_unlocked
configure:5057: gcc -o conftest -O3 -mtune=i686 -s  -D_GNU_SOURCE -D_FILE_OFFSET_BITS=64   conftest.c  >&5
configure:5060: $? = 0
configure:5063: test -s conftest
configure:5066: $? = 0
configure:5076: result: yes
configure:5020: checking for getcwd
configure:5057: gcc -o conftest -O3 -mtune=i686 -s  -D_GNU_SOURCE -D_FILE_OFFSET_BITS=64   conftest.c  >&5
configure:5060: $? = 0
configure:5063: test -s conftest
configure:5066: $? = 0
configure:5076: result: yes
configure:5020: checking for getegid
configure:5057: gcc -o conftest -O3 -mtune=i686 -s  -D_GNU_SOURCE -D_FILE_OFFSET_BITS=64   conftest.c  >&5
configure:5060: $? = 0
configure:5063: test -s conftest
configure:5066: $? = 0
configure:5076: result: yes
configure:5020: checking for geteuid
configure:5057: gcc -o conftest -O3 -mtune=i686 -s  -D_GNU_SOURCE -D_FILE_OFFSET_BITS=64   conftest.c  >&5
configure:5060: $? = 0
configure:5063: test -s conftest
configure:5066: $? = 0
configure:5076: result: yes
configure:5020: checking for getgid
configure:5057: gcc -o conftest -O3 -mtune=i686 -s  -D_GNU_SOURCE -D_FILE_OFFSET_BITS=64   conftest.c  >&5
configure:5060: $? = 0
configure:5063: test -s conftest
configure:5066: $? = 0
configure:5076: result: yes
configure:5020: checking for getuid
configure:5057: gcc -o conftest -O3 -mtune=i686 -s  -D_GNU_SOURCE -D_FILE_OFFSET_BITS=64   conftest.c  >&5
configure:5060: $? = 0
configure:5063: test -s conftest
configure:5066: $? = 0
configure:5076: result: yes
configure:5020: checking for mempcpy
configure:5057: gcc -o conftest -O3 -mtune=i686 -s  -D_GNU_SOURCE -D_FILE_OFFSET_BITS=64   conftest.c  >&5
configure:5036: warning: conflicting types for built-in function 'mempcpy'
configure:5060: $? = 0
configure:5063: test -s conftest
configure:5066: $? = 0
configure:5076: result: yes
configure:5020: checking for munmap
configure:5057: gcc -o conftest -O3 -mtune=i686 -s  -D_GNU_SOURCE -D_FILE_OFFSET_BITS=64   conftest.c  >&5
configure:5060: $? = 0
configure:5063: test -s conftest
configure:5066: $? = 0
configure:5076: result: yes
configure:5020: checking for putenv
configure:5057: gcc -o conftest -O3 -mtune=i686 -s  -D_GNU_SOURCE -D_FILE_OFFSET_BITS=64   conftest.c  >&5
configure:5060: $? = 0
configure:5063: test -s conftest
configure:5066: $? = 0
configure:5076: result: yes
configure:5020: checking for setenv
configure:5057: gcc -o conftest -O3 -mtune=i686 -s  -D_GNU_SOURCE -D_FILE_OFFSET_BITS=64   conftest.c  >&5
configure:5060: $? = 0
configure:5063: test -s conftest
configure:5066: $? = 0
configure:5076: result: yes
configure:5020: checking for setlocale
configure:5057: gcc -o conftest -O3 -mtune=i686 -s  -D_GNU_SOURCE -D_FILE_OFFSET_BITS=64   conftest.c  >&5
configure:5060: $? = 0
configure:5063: test -s conftest
configure:5066: $? = 0
configure:5076: result: yes
configure:5020: checking for stpcpy
configure:5057: gcc -o conftest -O3 -mtune=i686 -s  -D_GNU_SOURCE -D_FILE_OFFSET_BITS=64   conftest.c  >&5
configure:5036: warning: conflicting types for built-in function 'stpcpy'
configure:5060: $? = 0
configure:5063: test -s conftest
configure:5066: $? = 0
configure:5076: result: yes
configure:5020: checking for strchr
configure:5057: gcc -o conftest -O3 -mtune=i686 -s  -D_GNU_SOURCE -D_FILE_OFFSET_BITS=64   conftest.c  >&5
configure:5036: warning: conflicting types for built-in function 'strchr'
configure:5060: $? = 0
configure:5063: test -s conftest
configure:5066: $? = 0
configure:5076: result: yes
configure:5020: checking for strcasecmp
configure:5057: gcc -o conftest -O3 -mtune=i686 -s  -D_GNU_SOURCE -D_FILE_OFFSET_BITS=64   conftest.c  >&5
configure:5036: warning: conflicting types for built-in function 'strcasecmp'
configure:5060: $? = 0
configure:5063: test -s conftest
configure:5066: $? = 0
configure:5076: result: yes
configure:5020: checking for strdup
configure:5057: gcc -o conftest -O3 -mtune=i686 -s  -D_GNU_SOURCE -D_FILE_OFFSET_BITS=64   conftest.c  >&5
configure:5036: warning: conflicting types for built-in function 'strdup'
configure:5060: $? = 0
configure:5063: test -s conftest
configure:5066: $? = 0
configure:5076: result: yes
configure:5020: checking for strtoul
configure:5057: gcc -o conftest -O3 -mtune=i686 -s  -D_GNU_SOURCE -D_FILE_OFFSET_BITS=64   conftest.c  >&5
configure:5060: $? = 0
configure:5063: test -s conftest
configure:5066: $? = 0
configure:5076: result: yes
configure:5020: checking for tsearch
configure:5057: gcc -o conftest -O3 -mtune=i686 -s  -D_GNU_SOURCE -D_FILE_OFFSET_BITS=64   conftest.c  >&5
configure:5060: $? = 0
configure:5063: test -s conftest
configure:5066: $? = 0
configure:5076: result: yes
configure:5020: checking for __argz_count
configure:5057: gcc -o conftest -O3 -mtune=i686 -s  -D_GNU_SOURCE -D_FILE_OFFSET_BITS=64   conftest.c  >&5
configure:5060: $? = 0
configure:5063: test -s conftest
configure:5066: $? = 0
configure:5076: result: yes
configure:5020: checking for __argz_stringify
configure:5057: gcc -o conftest -O3 -mtune=i686 -s  -D_GNU_SOURCE -D_FILE_OFFSET_BITS=64   conftest.c  >&5
configure:5060: $? = 0
configure:5063: test -s conftest
configure:5066: $? = 0
configure:5076: result: yes
configure:5020: checking for __argz_next
configure:5057: gcc -o conftest -O3 -mtune=i686 -s  -D_GNU_SOURCE -D_FILE_OFFSET_BITS=64   conftest.c  >&5
configure:5060: $? = 0
configure:5063: test -s conftest
configure:5066: $? = 0
configure:5076: result: yes
configure:5097: checking for iconv
configure:5121: gcc -o conftest -O3 -mtune=i686 -s  -D_GNU_SOURCE -D_FILE_OFFSET_BITS=64   conftest.c  >&5
configure:5124: $? = 0
configure:5127: test -s conftest
configure:5130: $? = 0
configure:5179: result: yes
configure:5187: checking for iconv declaration
configure:5218: gcc -c -O3 -mtune=i686 -s  -D_GNU_SOURCE -D_FILE_OFFSET_BITS=64  conftest.c >&5
configure:5221: $? = 0
configure:5224: test -s conftest.o
configure:5227: $? = 0
configure:5240: result: 
         extern size_t iconv (iconv_t cd, char * *inbuf, size_t *inbytesleft, char * *outbuf, size_t *outbytesleft);
configure:5255: checking for nl_langinfo and CODESET
configure:5273: gcc -o conftest -O3 -mtune=i686 -s  -D_GNU_SOURCE -D_FILE_OFFSET_BITS=64   conftest.c  >&5
configure:5276: $? = 0
configure:5279: test -s conftest
configure:5282: $? = 0
configure:5293: result: yes
configure:5304: checking for LC_MESSAGES
configure:5322: gcc -o conftest -O3 -mtune=i686 -s  -D_GNU_SOURCE -D_FILE_OFFSET_BITS=64   conftest.c  >&5
configure:5325: $? = 0
configure:5328: test -s conftest
configure:5331: $? = 0
configure:5341: result: yes
configure:5351: checking whether NLS is requested
configure:5361: result: no
configure:6413: checking if -lm needed for math functions
configure:6435: gcc -o conftest -O3 -mtune=i686 -s  -D_GNU_SOURCE -D_FILE_OFFSET_BITS=64   conftest.c  >&5
/tmp/cc7cC6yR.o: In function `main':
conftest.c:(.text+0x34): undefined reference to `sqrt'
collect2: ld returned 1 exit status
configure:6438: $? = 1
configure: failed program was:
#line 6420 "configure"
#include "confdefs.h"

	#include <stdio.h>
	#include <math.h>

int
main ()
{
double x = rand(); printf("result = %g\n", sqrt(x))
  ;
  return 0;
}
configure:6454: result: yes
configure:6463: checking if you want to use dmalloc for testing
configure:6479: result: no
configure:6664: checking if you want to use dbmalloc for testing
configure:6680: result: no
configure:6865: checking if you want to use purify for testing
configure:6881: result: no
configure:6964: checking if you want to use valgrind for testing
configure:6980: result: no
configure:7063: checking if you want to perform memory-leak testing
configure:7085: result: 
configure:7088: checking if you want --trace option
configure:7098: result: yes
configure:7128: checking if you want to build libraries with libtool
configure:7138: result: no
configure:8507: checking for extra include directories
configure:8527: result: no
configure:8531: checking if we have identified curses headers
configure:8557: gcc -c -O3 -mtune=i686 -s  -D_GNU_SOURCE -D_FILE_OFFSET_BITS=64  conftest.c >&5
configure:8560: $? = 0
configure:8563: test -s conftest.o
configure:8566: $? = 0
configure:8577: result: curses.h
configure:8591: checking for curses.h
configure:8601: gcc -E  -D_GNU_SOURCE -D_FILE_OFFSET_BITS=64  conftest.c
configure:8607: $? = 0
configure:8626: result: yes
configure:8636: checking for terminfo header
configure:8669: gcc -c -O3 -mtune=i686 -s  -D_GNU_SOURCE -D_FILE_OFFSET_BITS=64  conftest.c >&5
configure:8672: $? = 0
configure:8675: test -s conftest.o
configure:8678: $? = 0
configure:8694: result: term.h
configure:8723: checking for ncurses version
configure:8787: gcc -o conftest -O3 -mtune=i686 -s  -D_GNU_SOURCE -D_FILE_OFFSET_BITS=64   conftest.c  -lm >&5
configure:8790: $? = 0
configure:8792: ./conftest
configure:8795: $? = 0
configure:8809: result: 5.7.20090803
configure:8815: checking if we have identified curses libraries
configure:8830: gcc -o conftest -O3 -mtune=i686 -s  -D_GNU_SOURCE -D_FILE_OFFSET_BITS=64   conftest.c  -lm >&5
/tmp/ccqP46Wa.o: In function `main':
conftest.c:(.text+0xa): undefined reference to `initscr'
conftest.c:(.text+0x26): undefined reference to `tgoto'
collect2: ld returned 1 exit status
configure:8833: $? = 1
configure: failed program was:
#line 8818 "configure"
#include "confdefs.h"
#include <curses.h>
int
main ()
{
initscr(); tgoto("?", 0,0)
  ;
  return 0;
}
configure:8848: result: no
configure:9050: checking for tgoto
configure:9087: gcc -o conftest -O3 -mtune=i686 -s  -D_GNU_SOURCE -D_FILE_OFFSET_BITS=64   conftest.c  -lm -L/lib >&5
/tmp/cc5cIKZe.o: In function `main':
conftest.c:(.text+0xb): undefined reference to `tgoto'
collect2: ld returned 1 exit status
configure:9090: $? = 1
configure: failed program was:
#line 9056 "configure"
#include "confdefs.h"
/* System header to define __stub macros and hopefully few prototypes,
    which can conflict with char tgoto (); below.  */
#include <assert.h>
/* Override any gcc2 internal prototype to avoid an error.  */
#ifdef __cplusplus
extern "C"
#endif
/* We use char because int might match the return type of a gcc2
   builtin and then its argument prototype would still apply.  */
char tgoto ();
char (*f) ();

int
main ()
{
/* The GNU C library defines this for functions which it implements
    to always fail with ENOSYS.  Some functions are actually named
    something starting with __ and the normal name is an alias.  */
#if defined (__stub_tgoto) || defined (__stub___tgoto)
choke me
#else
f = tgoto;
#endif

  ;
  return 0;
}
configure:9106: result: no
configure:9115: checking for tgoto in -lncurses
configure:9142: gcc -o conftest -O3 -mtune=i686 -s  -D_GNU_SOURCE -D_FILE_OFFSET_BITS=64   conftest.c -lncurses   -lm -L/lib >&5
configure:9145: $? = 0
configure:9148: test -s conftest
configure:9151: $? = 0
configure:9162: result: yes
configure:9177: checking for initscr in -lncurses
configure:9204: gcc -o conftest -O3 -mtune=i686 -s  -D_GNU_SOURCE -D_FILE_OFFSET_BITS=64   conftest.c -lncurses  -lncurses  -lm -L/lib >&5
configure:9207: $? = 0
configure:9210: test -s conftest
configure:9213: $? = 0
configure:9224: result: yes
configure:9354: checking if you want extra dialogs
configure:9364: result: yes
configure:9372: checking if you want config-file support
configure:9382: result: yes
configure:9394: checking if you want Xdialog-style dialogs
configure:9404: result: yes
configure:9416: checking if you want the form dialog
configure:9426: result: yes
configure:9438: checking if you want the gauge dialog
configure:9448: result: yes
configure:9460: checking if you want the tailbox dialog
configure:9470: result: yes
configure:9482: checking if you want the mixedform dialog
configure:9492: result: yes
configure:9504: checking if you want the mixedgauge dialog
configure:9514: result: yes
configure:9526: checking if you want the wide-curses features
configure:9536: result: no
configure:9547: checking for ANSI C header files
configure:9675: result: yes
configure:9685: checking whether time.h and sys/time.h may both be included
configure:9707: gcc -c -O3 -mtune=i686 -s  -D_GNU_SOURCE -D_FILE_OFFSET_BITS=64  conftest.c >&5
configure:9710: $? = 0
configure:9713: test -s conftest.o
configure:9716: $? = 0
configure:9726: result: yes
configure:9739: checking for dirent.h that defines DIR
configure:9760: gcc -c -O3 -mtune=i686 -s  -D_GNU_SOURCE -D_FILE_OFFSET_BITS=64  conftest.c >&5
configure:9763: $? = 0
configure:9766: test -s conftest.o
configure:9769: $? = 0
configure:9779: result: yes
configure:9792: checking for opendir in -ldir
configure:9819: gcc -o conftest -O3 -mtune=i686 -s  -D_GNU_SOURCE -D_FILE_OFFSET_BITS=64   conftest.c -ldir  -lncurses  -lm -L/lib >&5
/usr/bin/ld: cannot find -ldir
collect2: ld returned 1 exit status
configure:9822: $? = 1
configure: failed program was:
#line 9800 "configure"
#include "confdefs.h"

/* Override any gcc2 internal prototype to avoid an error.  */
#ifdef __cplusplus
extern "C"
#endif
/* We use char because int might match the return type of a gcc2
   builtin and then its argument prototype would still apply.  */
char opendir ();
int
main ()
{
opendir ();
  ;
  return 0;
}
configure:9839: result: no
configure:9904: checking for search.h
configure:9914: gcc -E  -D_GNU_SOURCE -D_FILE_OFFSET_BITS=64  conftest.c
configure:9920: $? = 0
configure:9939: result: yes
configure:9904: checking for unistd.h
configure:9939: result: yes
configure:9949: checking for term.h
configure:9998: result: term.h
configure:10022: checking return type of signal handlers
configure:10050: gcc -c -O3 -mtune=i686 -s  -D_GNU_SOURCE -D_FILE_OFFSET_BITS=64  conftest.c >&5
configure:10053: $? = 0
configure:10056: test -s conftest.o
configure:10059: $? = 0
configure:10069: result: void
configure:10084: checking for _nc_free_and_exit
configure:10121: gcc -o conftest -O3 -mtune=i686 -s  -D_GNU_SOURCE -D_FILE_OFFSET_BITS=64   conftest.c -lncurses  -lm -L/lib >&5
configure:10124: $? = 0
configure:10127: test -s conftest
configure:10130: $? = 0
configure:10140: result: yes
configure:10084: checking for strcasecmp
configure:10140: result: yes
configure:10084: checking for tsearch
configure:10140: result: yes
configure:10084: checking for waitpid
configure:10121: gcc -o conftest -O3 -mtune=i686 -s  -D_GNU_SOURCE -D_FILE_OFFSET_BITS=64   conftest.c -lncurses  -lm -L/lib >&5
configure:10124: $? = 0
configure:10127: test -s conftest
configure:10130: $? = 0
configure:10140: result: yes
configure:10150: checking if we must define _XOPEN_SOURCE_EXTENDED
configure:10174: gcc -o conftest -O3 -mtune=i686 -s  -D_GNU_SOURCE -D_FILE_OFFSET_BITS=64   conftest.c -lncurses  -lm -L/lib >&5
configure:10177: $? = 0
configure:10180: test -s conftest
configure:10183: $? = 0
configure:10229: result: no
configure:10253: checking for flushinp
(line 10256) testing flushinp ...
configure:10299: gcc -o conftest -O3 -mtune=i686 -s  -D_GNU_SOURCE -D_FILE_OFFSET_BITS=64   conftest.c -lncurses  -lm -L/lib >&5
configure:10302: $? = 0
configure:10305: test -s conftest
configure:10308: $? = 0
configure:10324: result: yes
configure:10253: checking for getbegx
(line 10256) testing getbegx ...
configure:10299: gcc -o conftest -O3 -mtune=i686 -s  -D_GNU_SOURCE -D_FILE_OFFSET_BITS=64   conftest.c -lncurses  -lm -L/lib >&5
configure:10302: $? = 0
configure:10305: test -s conftest
configure:10308: $? = 0
configure:10324: result: yes
configure:10253: checking for getbegy
(line 10256) testing getbegy ...
configure:10299: gcc -o conftest -O3 -mtune=i686 -s  -D_GNU_SOURCE -D_FILE_OFFSET_BITS=64   conftest.c -lncurses  -lm -L/lib >&5
configure:10302: $? = 0
configure:10305: test -s conftest
configure:10308: $? = 0
configure:10324: result: yes
configure:10253: checking for getbegyx
(line 10256) testing getbegyx ...
configure:10299: gcc -o conftest -O3 -mtune=i686 -s  -D_GNU_SOURCE -D_FILE_OFFSET_BITS=64   conftest.c -lncurses  -lm -L/lib >&5
configure:10302: $? = 0
configure:10305: test -s conftest
configure:10308: $? = 0
configure:10324: result: yes
configure:10253: checking for getcurx
(line 10256) testing getcurx ...
configure:10299: gcc -o conftest -O3 -mtune=i686 -s  -D_GNU_SOURCE -D_FILE_OFFSET_BITS=64   conftest.c -lncurses  -lm -L/lib >&5
configure:10302: $? = 0
configure:10305: test -s conftest
configure:10308: $? = 0
configure:10324: result: yes
configure:10253: checking for getcury
(line 10256) testing getcury ...
configure:10299: gcc -o conftest -O3 -mtune=i686 -s  -D_GNU_SOURCE -D_FILE_OFFSET_BITS=64   conftest.c -lncurses  -lm -L/lib >&5
configure:10302: $? = 0
configure:10305: test -s conftest
configure:10308: $? = 0
configure:10324: result: yes
configure:10253: checking for getmaxx
(line 10256) testing getmaxx ...
configure:10299: gcc -o conftest -O3 -mtune=i686 -s  -D_GNU_SOURCE -D_FILE_OFFSET_BITS=64   conftest.c -lncurses  -lm -L/lib >&5
configure:10302: $? = 0
configure:10305: test -s conftest
configure:10308: $? = 0
configure:10324: result: yes
configure:10253: checking for getmaxy
(line 10256) testing getmaxy ...
configure:10299: gcc -o conftest -O3 -mtune=i686 -s  -D_GNU_SOURCE -D_FILE_OFFSET_BITS=64   conftest.c -lncurses  -lm -L/lib >&5
configure:10302: $? = 0
configure:10305: test -s conftest
configure:10308: $? = 0
configure:10324: result: yes
configure:10253: checking for getmaxyx
(line 10256) testing getmaxyx ...
configure:10299: gcc -o conftest -O3 -mtune=i686 -s  -D_GNU_SOURCE -D_FILE_OFFSET_BITS=64   conftest.c -lncurses  -lm -L/lib >&5
configure:10302: $? = 0
configure:10305: test -s conftest
configure:10308: $? = 0
configure:10324: result: yes
configure:10253: checking for getparx
(line 10256) testing getparx ...
configure:10299: gcc -o conftest -O3 -mtune=i686 -s  -D_GNU_SOURCE -D_FILE_OFFSET_BITS=64   conftest.c -lncurses  -lm -L/lib >&5
configure:10302: $? = 0
configure:10305: test -s conftest
configure:10308: $? = 0
configure:10324: result: yes
configure:10253: checking for getpary
(line 10256) testing getpary ...
configure:10299: gcc -o conftest -O3 -mtune=i686 -s  -D_GNU_SOURCE -D_FILE_OFFSET_BITS=64   conftest.c -lncurses  -lm -L/lib >&5
configure:10302: $? = 0
configure:10305: test -s conftest
configure:10308: $? = 0
configure:10324: result: yes
configure:10253: checking for getparyx
(line 10256) testing getparyx ...
configure:10299: gcc -o conftest -O3 -mtune=i686 -s  -D_GNU_SOURCE -D_FILE_OFFSET_BITS=64   conftest.c -lncurses  -lm -L/lib >&5
configure:10302: $? = 0
configure:10305: test -s conftest
configure:10308: $? = 0
configure:10324: result: yes
configure:10253: checking for use_default_colors
(line 10256) testing use_default_colors ...
configure:10299: gcc -o conftest -O3 -mtune=i686 -s  -D_GNU_SOURCE -D_FILE_OFFSET_BITS=64   conftest.c -lncurses  -lm -L/lib >&5
configure:10302: $? = 0
configure:10305: test -s conftest
configure:10308: $? = 0
configure:10324: result: yes
configure:10253: checking for wget_wch
(line 10256) testing wget_wch ...
configure:10299: gcc -o conftest -O3 -mtune=i686 -s  -D_GNU_SOURCE -D_FILE_OFFSET_BITS=64   conftest.c -lncurses  -lm -L/lib >&5
configure: In function 'main':
configure:10289: error: 'wget_wch' undeclared (first use in this function)
configure:10289: error: (Each undeclared identifier is reported only once
configure:10289: error: for each function it appears in.)
configure:10302: $? = 1
configure: failed program was:
#line 10265 "configure"
#include "confdefs.h"

#ifdef HAVE_XCURSES
#include <xcurses.h>
char * XCursesProgramName = "test";
#else
#include <curses.h>
#if defined(NCURSES_VERSION) && defined(HAVE_NCURSESW_TERM_H)
#include <ncursesw/term.h>
#else
#if defined(NCURSES_VERSION) && defined(HAVE_NCURSES_TERM_H)
#include <ncurses/term.h>
#else
#ifdef HAVE_TERM_H
#include <term.h>
#endif
#endif
#endif
#endif
int
main ()
{

#ifndef wget_wch
long foo = (long)(&wget_wch);
return(foo == 0);
#endif

  ;
  return 0;
}
configure:10324: result: no
configure:10334: checking for start_color
configure:10371: gcc -o conftest -O3 -mtune=i686 -s  -D_GNU_SOURCE -D_FILE_OFFSET_BITS=64   conftest.c -lncurses  -lm -L/lib >&5
configure:10374: $? = 0
configure:10377: test -s conftest
configure:10380: $? = 0
configure:10390: result: yes
configure:10399: checking for chtype typedef
configure:10418: gcc -c -O3 -mtune=i686 -s  -D_GNU_SOURCE -D_FILE_OFFSET_BITS=64  conftest.c >&5
configure:10421: $? = 0
configure:10424: test -s conftest.o
configure:10427: $? = 0
configure:10437: result: yes
configure:10444: checking if chtype is scalar or struct
configure:10463: gcc -c -O3 -mtune=i686 -s  -D_GNU_SOURCE -D_FILE_OFFSET_BITS=64  conftest.c >&5
configure:10466: $? = 0
configure:10469: test -s conftest.o
configure:10472: $? = 0
configure:10482: result: scalar
configure:10495: checking for sys/wait.h
configure:10505: gcc -E  -D_GNU_SOURCE -D_FILE_OFFSET_BITS=64  conftest.c
configure:10511: $? = 0
configure:10530: result: yes
configure:10656: checking for union wait
configure:10679: gcc -o conftest -O3 -mtune=i686 -s  -D_GNU_SOURCE -D_FILE_OFFSET_BITS=64   conftest.c -lncurses  -lm -L/lib >&5
configure:10682: $? = 0
configure:10685: test -s conftest
configure:10688: $? = 0
compiles ok w/o union wait
configure:10742: result: no
configure:10844: checking if we must include wchar.h to declare mbstate_t
configure:10868: gcc -c -O3 -mtune=i686 -s  -D_GNU_SOURCE -D_FILE_OFFSET_BITS=64  conftest.c >&5
configure: In function 'main':
configure:10861: error: 'mbstate_t' undeclared (first use in this function)
configure:10861: error: (Each undeclared identifier is reported only once
configure:10861: error: for each function it appears in.)
configure:10861: error: expected ';' before 'state'
configure:10871: $? = 1
configure: failed program was:
#line 10851 "configure"
#include "confdefs.h"

#include <stdlib.h>
#include <stdio.h>
#ifdef HAVE_LIBUTF8_H
#include <libutf8.h>
#endif
int
main ()
{
mbstate_t state
  ;
  return 0;
}
configure:10902: gcc -c -O3 -mtune=i686 -s  -D_GNU_SOURCE -D_FILE_OFFSET_BITS=64  conftest.c >&5
configure:10905: $? = 0
configure:10908: test -s conftest.o
configure:10911: $? = 0
configure:10923: result: yes
configure:10958: gcc -o conftest -O3 -mtune=i686 -s  -D_GNU_SOURCE -D_FILE_OFFSET_BITS=64   conftest.c -lncurses  -lm -L/lib >&5
configure:10961: $? = 0
configure:10964: test -s conftest
configure:10967: $? = 0
configure:11060: creating ./config.status

## ----------------------- ##
## Running config.status.  ##
## ----------------------- ##

This file was extended by config.status 2.52.20061216, executed with
  CONFIG_FILES    = 
  CONFIG_HEADERS  = 
  CONFIG_LINKS    = 
  CONFIG_COMMANDS = 
  > ./config.status 
on imk-ubuntu

config.status:11590: creating dialog-config
config.status:11590: creating makefile
config.status:11590: creating headers-sh
config.status:11590: creating samples/install/makefile
config.status:11687: creating dlg_config.h

## ----------------- ##
## Cache variables.  ##
## ----------------- ##

ac_cv_build=i686-pc-linux-gnu
ac_cv_build_alias=i686-pc-linux-gnu
ac_cv_c_compiler_gnu=yes
ac_cv_c_const=yes
ac_cv_c_inline=inline
ac_cv_env_CC_set=
ac_cv_env_CC_value=
ac_cv_env_CFLAGS_set=set
ac_cv_env_CFLAGS_value='-O3 -mtune=i686 -s'
ac_cv_env_CPPFLAGS_set=
ac_cv_env_CPPFLAGS_value=
ac_cv_env_CPP_set=
ac_cv_env_CPP_value=
ac_cv_env_LDFLAGS_set=
ac_cv_env_LDFLAGS_value=
ac_cv_env_build_alias_set=
ac_cv_env_build_alias_value=
ac_cv_env_host_alias_set=
ac_cv_env_host_alias_value=
ac_cv_env_target_alias_set=
ac_cv_env_target_alias_value=
ac_cv_func___argz_count=yes
ac_cv_func___argz_next=yes
ac_cv_func___argz_stringify=yes
ac_cv_func__nc_free_and_exit=yes
ac_cv_func_alloca_works=yes
ac_cv_func_feof_unlocked=yes
ac_cv_func_fgets_unlocked=yes
ac_cv_func_fseeko=yes
ac_cv_func_getcwd=yes
ac_cv_func_getegid=yes
ac_cv_func_geteuid=yes
ac_cv_func_getgid=yes
ac_cv_func_getpagesize=yes
ac_cv_func_getuid=yes
ac_cv_func_mempcpy=yes
ac_cv_func_mmap_fixed_mapped=yes
ac_cv_func_munmap=yes
ac_cv_func_putenv=yes
ac_cv_func_setenv=yes
ac_cv_func_setlocale=yes
ac_cv_func_start_color=yes
ac_cv_func_stpcpy=yes
ac_cv_func_strcasecmp=yes
ac_cv_func_strchr=yes
ac_cv_func_strdup=yes
ac_cv_func_strtoul=yes
ac_cv_func_tgoto=no
ac_cv_func_tsearch=yes
ac_cv_func_waitpid=yes
ac_cv_gnu_library_2_1=yes
ac_cv_header_argz_h=yes
ac_cv_header_curses_h=yes
ac_cv_header_dirent_dirent_h=yes
ac_cv_header_inttypes_h=yes
ac_cv_header_limits_h=yes
ac_cv_header_locale_h=yes
ac_cv_header_malloc_h=yes
ac_cv_header_memory_h=yes
ac_cv_header_nl_types_h=yes
ac_cv_header_search_h=yes
ac_cv_header_stdc=yes
ac_cv_header_stddef_h=yes
ac_cv_header_stdint_h=yes
ac_cv_header_stdlib_h=yes
ac_cv_header_string_h=yes
ac_cv_header_strings_h=yes
ac_cv_header_sys_param_h=yes
ac_cv_header_sys_stat_h=yes
ac_cv_header_sys_types_h=yes
ac_cv_header_sys_wait_h=yes
ac_cv_header_time=yes
ac_cv_header_unistd_h=yes
ac_cv_host=i686-pc-linux-gnu
ac_cv_host_alias=i686-pc-linux-gnu
ac_cv_lib_dir_opendir=no
ac_cv_lib_ncurses___initscr=yes
ac_cv_lib_ncurses___tgoto=yes
ac_cv_objext=o
ac_cv_path_install='/usr/bin/install -c'
ac_cv_prog_CPP='gcc -E'
ac_cv_prog_MAKE_LOWER_TAGS=yes
ac_cv_prog_MAKE_UPPER_TAGS=yes
ac_cv_prog_ac_ct_AR=ar
ac_cv_prog_ac_ct_CC=gcc
ac_cv_prog_ac_ct_RANLIB=ranlib
ac_cv_prog_cc_g=yes
ac_cv_prog_cc_stdc=
ac_cv_prog_gcc_traditional=no
ac_cv_prog_make_make_set=yes
ac_cv_sys_file_offset_bits=64
ac_cv_sys_large_files=no
ac_cv_sys_largefile_CC=no
ac_cv_sys_largefile_source=no
ac_cv_type_off_t=yes
ac_cv_type_signal=void
ac_cv_type_size_t=yes
ac_cv_working_alloca_h=yes
am_cv_func_iconv=yes
am_cv_langinfo_codeset=yes
am_cv_lib_iconv=no
am_cv_proto_iconv='extern size_t iconv (iconv_t cd, char * *inbuf, size_t *inbytesleft, char * *outbuf, size_t *outbytesleft);'
am_cv_proto_iconv_arg1=
am_cv_val_LC_MESSAGES=yes
cf_cv_cc_u_d_options=yes
cf_cv_chtype_decl=yes
cf_cv_chtype_type=scalar
cf_cv_curses_incdir=no
cf_cv_func_flushinp=yes
cf_cv_func_getbegx=yes
cf_cv_func_getbegy=yes
cf_cv_func_getbegyx=yes
cf_cv_func_getcurx=yes
cf_cv_func_getcury=yes
cf_cv_func_getmaxx=yes
cf_cv_func_getmaxy=yes
cf_cv_func_getmaxyx=yes
cf_cv_func_getparx=yes
cf_cv_func_getpary=yes
cf_cv_func_getparyx=yes
cf_cv_func_use_default_colors=yes
cf_cv_func_wget_wch=no
cf_cv_gnu_source=yes
cf_cv_makeflags=
cf_cv_mbstate_t=yes
cf_cv_mixedcase=yes
cf_cv_ncurses_header=curses.h
cf_cv_ncurses_version=5.7.20090803
cf_cv_need_libm=yes
cf_cv_need_xopen_extension=no
cf_cv_struct_dirent64=no
cf_cv_system_name=linux-gnu
cf_cv_term_header=term.h
cf_cv_type_unionwait=no
nls_cv_header_intl=
nls_cv_header_libgt=

## ------------ ##
## confdefs.h.  ##
## ------------ ##

#define PACKAGE "dialog"
#define DIALOG_VERSION "1.1"
#define DIALOG_PATCHDATE 20080819
#define MIXEDCASE_FILENAMES 1
#define SYSTEM_NAME "linux-gnu"
#define _FILE_OFFSET_BITS 64
#define HAVE_FSEEKO 1
#define STDC_HEADERS 1
#define HAVE_SYS_TYPES_H 1
#define HAVE_SYS_STAT_H 1
#define HAVE_STDLIB_H 1
#define HAVE_STRING_H 1
#define HAVE_MEMORY_H 1
#define HAVE_STRINGS_H 1
#define HAVE_INTTYPES_H 1
#define HAVE_STDINT_H 1
#define HAVE_UNISTD_H 1
#define HAVE_ALLOCA_H 1
#define HAVE_ALLOCA 1
#define HAVE_STDLIB_H 1
#define HAVE_UNISTD_H 1
#define HAVE_GETPAGESIZE 1
#define HAVE_MMAP 1
#define HAVE_ARGZ_H 1
#define HAVE_LIMITS_H 1
#define HAVE_LOCALE_H 1
#define HAVE_NL_TYPES_H 1
#define HAVE_MALLOC_H 1
#define HAVE_STDDEF_H 1
#define HAVE_STDLIB_H 1
#define HAVE_STRING_H 1
#define HAVE_UNISTD_H 1
#define HAVE_SYS_PARAM_H 1
#define HAVE_FEOF_UNLOCKED 1
#define HAVE_FGETS_UNLOCKED 1
#define HAVE_GETCWD 1
#define HAVE_GETEGID 1
#define HAVE_GETEUID 1
#define HAVE_GETGID 1
#define HAVE_GETUID 1
#define HAVE_MEMPCPY 1
#define HAVE_MUNMAP 1
#define HAVE_PUTENV 1
#define HAVE_SETENV 1
#define HAVE_SETLOCALE 1
#define HAVE_STPCPY 1
#define HAVE_STRCHR 1
#define HAVE_STRCASECMP 1
#define HAVE_STRDUP 1
#define HAVE_STRTOUL 1
#define HAVE_TSEARCH 1
#define HAVE___ARGZ_COUNT 1
#define HAVE___ARGZ_STRINGIFY 1
#define HAVE___ARGZ_NEXT 1
#define HAVE_ICONV 1
#define ICONV_CONST 
#define HAVE_LANGINFO_CODESET 1
#define HAVE_LC_MESSAGES 1
#define HAVE_DLG_TRACE 1
#define HAVE_CURSES_H 1
#define HAVE_TERM_H 1
#define NCURSES 1
#define HAVE_RC_FILE 1
#define HAVE_XDIALOG 1
#define HAVE_DLG_FORMBOX 1
#define HAVE_DLG_GAUGE 1
#define HAVE_DLG_TAILBOX 1
#define HAVE_DLG_MIXEDFORM 1
#define HAVE_MIXEDGAUGE 1
#define STDC_HEADERS 1
#define TIME_WITH_SYS_TIME 1
#define HAVE_DIRENT_H 1
#define HAVE_SEARCH_H 1
#define HAVE_UNISTD_H 1
#define HAVE_TERM_H 1
#define RETSIGTYPE void
#define HAVE__NC_FREE_AND_EXIT 1
#define HAVE_STRCASECMP 1
#define HAVE_TSEARCH 1
#define HAVE_WAITPID 1
#define HAVE_FLUSHINP 1
#define HAVE_GETBEGX 1
#define HAVE_GETBEGY 1
#define HAVE_GETBEGYX 1
#define HAVE_GETCURX 1
#define HAVE_GETCURY 1
#define HAVE_GETMAXX 1
#define HAVE_GETMAXY 1
#define HAVE_GETMAXYX 1
#define HAVE_GETPARX 1
#define HAVE_GETPARY 1
#define HAVE_GETPARYX 1
#define HAVE_USE_DEFAULT_COLORS 1
#define HAVE_COLOR 1
#define HAVE_TYPE_CHTYPE 1
#define TYPE_CHTYPE_IS_SCALAR 1
#define HAVE_SYS_WAIT_H 1
#define NEED_WCHAR_H 1
#define HAVE_MBSTATE_T 1
#define HAVE_SETLOCALE 1


configure: exit 0
