This file contains any messages produced by compilers while
running configure, to aid debugging if configure makes a mistake.

It was created by libffi configure 3.0.5, which was
generated by GNU Autoconf 2.61.  Invocation command line was

  $ /home/imk/symbian/epocroot-pdk-3.0.h/build/sbsv2/raptor/util/build/linux-unknown-libc2_10/Python-2.6.2/Modules/_ctypes/libffi/configure 

## --------- ##
## Platform. ##
## --------- ##

hostname = imk-ubuntu
uname -m = i686
uname -r = 2.6.31-20-generic
uname -s = Linux
uname -v = #58-Ubuntu SMP Fri Mar 12 05:23:09 UTC 2010

/usr/bin/uname -p = unknown
/bin/uname -X     = unknown

/bin/arch              = unknown
/usr/bin/arch -k       = unknown
/usr/convex/getsysinfo = unknown
/usr/bin/hostinfo      = unknown
/bin/machine           = unknown
/usr/bin/oslevel       = unknown
/bin/universe          = unknown

PATH: /home/imk/CodeSourcery/Sourcery_G++_Lite/bin
PATH: /home/imk/bin
PATH: /usr/local/sbin
PATH: /usr/local/bin
PATH: /usr/sbin
PATH: /usr/bin
PATH: /sbin
PATH: /bin
PATH: /usr/games


## ----------- ##
## Core tests. ##
## ----------- ##

configure:2050: checking build system type
configure:2068: result: i686-pc-linux-gnu
configure:2090: checking host system type
configure:2105: result: i686-pc-linux-gnu
configure:2127: checking target system type
configure:2142: result: i686-pc-linux-gnu
configure:2189: checking for a BSD-compatible install
configure:2245: result: /usr/bin/install -c
configure:2256: checking whether build environment is sane
configure:2299: result: yes
configure:2327: checking for a thread-safe mkdir -p
configure:2366: result: /bin/mkdir -p
configure:2379: checking for gawk
configure:2409: result: no
configure:2379: checking for mawk
configure:2395: found /usr/bin/mawk
configure:2406: result: mawk
configure:2417: checking whether make sets $(MAKE)
configure:2438: result: yes
configure:2682: checking for gcc
configure:2709: result: gcc -pthread
configure:2947: checking for C compiler version
configure:2954: gcc -pthread --version >&5
gcc (Ubuntu 4.4.1-4ubuntu9) 4.4.1
Copyright (C) 2009 Free Software Foundation, Inc.
This is free software; see the source for copying conditions.  There is NO
warranty; not even for MERCHANTABILITY or FITNESS FOR A PARTICULAR PURPOSE.

configure:2957: $? = 0
configure:2964: gcc -pthread -v >&5
Using built-in specs.
Target: i486-linux-gnu
Configured with: ../src/configure -v --with-pkgversion='Ubuntu 4.4.1-4ubuntu9' --with-bugurl=file:///usr/share/doc/gcc-4.4/README.Bugs --enable-languages=c,c++,fortran,objc,obj-c++ --prefix=/usr --enable-shared --enable-multiarch --enable-linker-build-id --with-system-zlib --libexecdir=/usr/lib --without-included-gettext --enable-threads=posix --with-gxx-include-dir=/usr/include/c++/4.4 --program-suffix=-4.4 --enable-nls --enable-clocale=gnu --enable-libstdcxx-debug --enable-objc-gc --enable-targets=all --disable-werror --with-arch-32=i486 --with-tune=generic --enable-checking=release --build=i486-linux-gnu --host=i486-linux-gnu --target=i486-linux-gnu
Thread model: posix
gcc version 4.4.1 (Ubuntu 4.4.1-4ubuntu9) 
configure:2967: $? = 0
configure:2974: gcc -pthread -V >&5
gcc: '-V' must come at the start of the command line
configure:2977: $? = 1
configure:3000: checking for C compiler default output file name
configure:3027: gcc -pthread    conftest.c  >&5
configure:3030: $? = 0
configure:3068: result: a.out
configure:3085: checking whether the C compiler works
configure:3095: ./a.out
configure:3098: $? = 0
configure:3115: result: yes
configure:3122: checking whether we are cross compiling
configure:3124: result: no
configure:3127: checking for suffix of executables
configure:3134: gcc -pthread -o conftest    conftest.c  >&5
configure:3137: $? = 0
configure:3161: result: 
configure:3167: checking for suffix of object files
configure:3193: gcc -pthread -c   conftest.c >&5
configure:3196: $? = 0
configure:3219: result: o
configure:3223: checking whether we are using the GNU C compiler
configure:3252: gcc -pthread -c   conftest.c >&5
configure:3258: $? = 0
configure:3275: result: yes
configure:3280: checking whether gcc -pthread accepts -g
configure:3310: gcc -pthread -c -g  conftest.c >&5
configure:3316: $? = 0
configure:3415: result: yes
configure:3432: checking for gcc -pthread option to accept ISO C89
configure:3506: gcc -pthread  -c   conftest.c >&5
configure:3512: $? = 0
configure:3535: result: none needed
configure:3564: checking for style of include used by make
configure:3592: result: GNU
configure:3617: checking dependency style of gcc -pthread
configure:3708: result: none
configure:3736: checking dependency style of gcc -pthread
configure:3827: result: none
configure:3843: checking whether gcc -pthread and cc understand -c and -o together
configure:3878: gcc -pthread -c conftest.c -o conftest2.o >&5
configure:3881: $? = 0
configure:3887: gcc -pthread -c conftest.c -o conftest2.o >&5
configure:3890: $? = 0
configure:3901: cc -c conftest.c >&5
configure:3904: $? = 0
configure:3912: cc -c conftest.c -o conftest2.o >&5
configure:3915: $? = 0
configure:3921: cc -c conftest.c -o conftest2.o >&5
configure:3924: $? = 0
configure:3942: result: yes
configure:4040: checking for a sed that does not truncate output
configure:4096: result: /bin/sed
configure:4099: checking for grep that handles long lines and -e
configure:4173: result: /bin/grep
configure:4178: checking for egrep
configure:4256: result: /bin/grep -E
configure:4272: checking for ld used by gcc -pthread
configure:4339: result: /usr/bin/ld
configure:4348: checking if the linker (/usr/bin/ld) is GNU ld
configure:4363: result: yes
configure:4368: checking for /usr/bin/ld option to reload object files
configure:4375: result: -r
configure:4393: checking for BSD-compatible nm
configure:4442: result: /usr/bin/nm -B
configure:4446: checking whether ln -s works
configure:4450: result: yes
configure:4457: checking how to recognize dependent libraries
configure:4643: result: pass_all
configure:4885: checking how to run the C preprocessor
configure:4925: gcc -pthread -E  conftest.c
configure:4931: $? = 0
configure:4962: gcc -pthread -E  conftest.c
conftest.c:10:28: error: ac_nonexistent.h: No such file or directory
configure:4968: $? = 1
configure: failed program was:
| /* confdefs.h.  */
| #define PACKAGE_NAME "libffi"
| #define PACKAGE_TARNAME "libffi"
| #define PACKAGE_VERSION "3.0.5"
| #define PACKAGE_STRING "libffi 3.0.5"
| #define PACKAGE_BUGREPORT "http://gcc.gnu.org/bugs.html"
| #define PACKAGE "libffi"
| #define VERSION "3.0.5"
| /* end confdefs.h.  */
| #include <ac_nonexistent.h>
configure:5001: result: gcc -pthread -E
configure:5030: gcc -pthread -E  conftest.c
configure:5036: $? = 0
configure:5067: gcc -pthread -E  conftest.c
conftest.c:10:28: error: ac_nonexistent.h: No such file or directory
configure:5073: $? = 1
configure: failed program was:
| /* confdefs.h.  */
| #define PACKAGE_NAME "libffi"
| #define PACKAGE_TARNAME "libffi"
| #define PACKAGE_VERSION "3.0.5"
| #define PACKAGE_STRING "libffi 3.0.5"
| #define PACKAGE_BUGREPORT "http://gcc.gnu.org/bugs.html"
| #define PACKAGE "libffi"
| #define VERSION "3.0.5"
| /* end confdefs.h.  */
| #include <ac_nonexistent.h>
configure:5111: checking for ANSI C header files
configure:5141: gcc -pthread -c   conftest.c >&5
configure:5147: $? = 0
configure:5246: gcc -pthread -o conftest    conftest.c  >&5
configure:5249: $? = 0
configure:5255: ./conftest
configure:5258: $? = 0
configure:5275: result: yes
configure:5299: checking for sys/types.h
configure:5320: gcc -pthread -c   conftest.c >&5
configure:5326: $? = 0
configure:5342: result: yes
configure:5299: checking for sys/stat.h
configure:5320: gcc -pthread -c   conftest.c >&5
configure:5326: $? = 0
configure:5342: result: yes
configure:5299: checking for stdlib.h
configure:5320: gcc -pthread -c   conftest.c >&5
configure:5326: $? = 0
configure:5342: result: yes
configure:5299: checking for string.h
configure:5320: gcc -pthread -c   conftest.c >&5
configure:5326: $? = 0
configure:5342: result: yes
configure:5299: checking for memory.h
configure:5320: gcc -pthread -c   conftest.c >&5
configure:5326: $? = 0
configure:5342: result: yes
configure:5299: checking for strings.h
configure:5320: gcc -pthread -c   conftest.c >&5
configure:5326: $? = 0
configure:5342: result: yes
configure:5299: checking for inttypes.h
configure:5320: gcc -pthread -c   conftest.c >&5
configure:5326: $? = 0
configure:5342: result: yes
configure:5299: checking for stdint.h
configure:5320: gcc -pthread -c   conftest.c >&5
configure:5326: $? = 0
configure:5342: result: yes
configure:5299: checking for unistd.h
configure:5320: gcc -pthread -c   conftest.c >&5
configure:5326: $? = 0
configure:5342: result: yes
configure:5369: checking dlfcn.h usability
configure:5386: gcc -pthread -c   conftest.c >&5
configure:5392: $? = 0
configure:5406: result: yes
configure:5410: checking dlfcn.h presence
configure:5425: gcc -pthread -E  conftest.c
configure:5431: $? = 0
configure:5445: result: yes
configure:5478: checking for dlfcn.h
configure:5486: result: yes
configure:5557: checking for g++
configure:5573: found /usr/bin/g++
configure:5584: result: g++
configure:5615: checking for C++ compiler version
configure:5622: g++ --version >&5
g++ (Ubuntu 4.4.1-4ubuntu9) 4.4.1
Copyright (C) 2009 Free Software Foundation, Inc.
This is free software; see the source for copying conditions.  There is NO
warranty; not even for MERCHANTABILITY or FITNESS FOR A PARTICULAR PURPOSE.

configure:5625: $? = 0
configure:5632: g++ -v >&5
Using built-in specs.
Target: i486-linux-gnu
Configured with: ../src/configure -v --with-pkgversion='Ubuntu 4.4.1-4ubuntu9' --with-bugurl=file:///usr/share/doc/gcc-4.4/README.Bugs --enable-languages=c,c++,fortran,objc,obj-c++ --prefix=/usr --enable-shared --enable-multiarch --enable-linker-build-id --with-system-zlib --libexecdir=/usr/lib --without-included-gettext --enable-threads=posix --with-gxx-include-dir=/usr/include/c++/4.4 --program-suffix=-4.4 --enable-nls --enable-clocale=gnu --enable-libstdcxx-debug --enable-objc-gc --enable-targets=all --disable-werror --with-arch-32=i486 --with-tune=generic --enable-checking=release --build=i486-linux-gnu --host=i486-linux-gnu --target=i486-linux-gnu
Thread model: posix
gcc version 4.4.1 (Ubuntu 4.4.1-4ubuntu9) 
configure:5635: $? = 0
configure:5642: g++ -V >&5
g++: '-V' option must have argument
configure:5645: $? = 1
configure:5648: checking whether we are using the GNU C++ compiler
configure:5677: g++ -c   conftest.cpp >&5
configure:5683: $? = 0
configure:5700: result: yes
configure:5705: checking whether g++ accepts -g
configure:5735: g++ -c -g  conftest.cpp >&5
configure:5741: $? = 0
configure:5840: result: yes
configure:5865: checking dependency style of g++
configure:5956: result: none
configure:5981: checking how to run the C++ preprocessor
configure:6017: g++ -E  conftest.cpp
configure:6023: $? = 0
configure:6054: g++ -E  conftest.cpp
conftest.cpp:21:28: error: ac_nonexistent.h: No such file or directory
configure:6060: $? = 1
configure: failed program was:
| /* confdefs.h.  */
| #define PACKAGE_NAME "libffi"
| #define PACKAGE_TARNAME "libffi"
| #define PACKAGE_VERSION "3.0.5"
| #define PACKAGE_STRING "libffi 3.0.5"
| #define PACKAGE_BUGREPORT "http://gcc.gnu.org/bugs.html"
| #define PACKAGE "libffi"
| #define VERSION "3.0.5"
| #define STDC_HEADERS 1
| #define HAVE_SYS_TYPES_H 1
| #define HAVE_SYS_STAT_H 1
| #define HAVE_STDLIB_H 1
| #define HAVE_STRING_H 1
| #define HAVE_MEMORY_H 1
| #define HAVE_STRINGS_H 1
| #define HAVE_INTTYPES_H 1
| #define HAVE_STDINT_H 1
| #define HAVE_UNISTD_H 1
| #define HAVE_DLFCN_H 1
| /* end confdefs.h.  */
| #include <ac_nonexistent.h>
configure:6093: result: g++ -E
configure:6122: g++ -E  conftest.cpp
configure:6128: $? = 0
configure:6159: g++ -E  conftest.cpp
conftest.cpp:21:28: error: ac_nonexistent.h: No such file or directory
configure:6165: $? = 1
configure: failed program was:
| /* confdefs.h.  */
| #define PACKAGE_NAME "libffi"
| #define PACKAGE_TARNAME "libffi"
| #define PACKAGE_VERSION "3.0.5"
| #define PACKAGE_STRING "libffi 3.0.5"
| #define PACKAGE_BUGREPORT "http://gcc.gnu.org/bugs.html"
| #define PACKAGE "libffi"
| #define VERSION "3.0.5"
| #define STDC_HEADERS 1
| #define HAVE_SYS_TYPES_H 1
| #define HAVE_SYS_STAT_H 1
| #define HAVE_STDLIB_H 1
| #define HAVE_STRING_H 1
| #define HAVE_MEMORY_H 1
| #define HAVE_STRINGS_H 1
| #define HAVE_INTTYPES_H 1
| #define HAVE_STDINT_H 1
| #define HAVE_UNISTD_H 1
| #define HAVE_DLFCN_H 1
| /* end confdefs.h.  */
| #include <ac_nonexistent.h>
configure:6258: checking for g77
configure:6288: result: no
configure:6258: checking for xlf
configure:6288: result: no
configure:6258: checking for f77
configure:6288: result: no
configure:6258: checking for frt
configure:6288: result: no
configure:6258: checking for pgf77
configure:6288: result: no
configure:6258: checking for cf77
configure:6288: result: no
configure:6258: checking for fort77
configure:6288: result: no
configure:6258: checking for fl32
configure:6288: result: no
configure:6258: checking for af77
configure:6288: result: no
configure:6258: checking for xlf90
configure:6288: result: no
configure:6258: checking for f90
configure:6288: result: no
configure:6258: checking for pgf90
configure:6288: result: no
configure:6258: checking for pghpf
configure:6288: result: no
configure:6258: checking for epcf90
configure:6288: result: no
configure:6258: checking for gfortran
configure:6288: result: no
configure:6258: checking for g95
configure:6288: result: no
configure:6258: checking for xlf95
configure:6288: result: no
configure:6258: checking for f95
configure:6288: result: no
configure:6258: checking for fort
configure:6288: result: no
configure:6258: checking for ifort
configure:6288: result: no
configure:6258: checking for ifc
configure:6288: result: no
configure:6258: checking for efc
configure:6288: result: no
configure:6258: checking for pgf95
configure:6288: result: no
configure:6258: checking for lf95
configure:6288: result: no
configure:6258: checking for ftn
configure:6288: result: no
configure:6315: checking for Fortran 77 compiler version
configure:6322:  --version >&5
/home/imk/symbian/epocroot-pdk-3.0.h/build/sbsv2/raptor/util/build/linux-unknown-libc2_10/Python-2.6.2/Modules/_ctypes/libffi/configure: line 6323: --version: command not found
configure:6325: $? = 127
configure:6332:  -v >&5
/home/imk/symbian/epocroot-pdk-3.0.h/build/sbsv2/raptor/util/build/linux-unknown-libc2_10/Python-2.6.2/Modules/_ctypes/libffi/configure: line 6333: -v: command not found
configure:6335: $? = 127
configure:6342:  -V >&5
/home/imk/symbian/epocroot-pdk-3.0.h/build/sbsv2/raptor/util/build/linux-unknown-libc2_10/Python-2.6.2/Modules/_ctypes/libffi/configure: line 6343: -V: command not found
configure:6345: $? = 127
configure:6353: checking whether we are using the GNU Fortran 77 compiler
configure:6372:  -c  conftest.F >&5
/home/imk/symbian/epocroot-pdk-3.0.h/build/sbsv2/raptor/util/build/linux-unknown-libc2_10/Python-2.6.2/Modules/_ctypes/libffi/configure: line 6373: -c: command not found
configure:6378: $? = 127
configure: failed program was:
|       program main
| #ifndef __GNUC__
|        choke me
| #endif
| 
|       end
configure:6395: result: no
configure:6401: checking whether  accepts -g
configure:6418:  -c -g conftest.f >&5
/home/imk/symbian/epocroot-pdk-3.0.h/build/sbsv2/raptor/util/build/linux-unknown-libc2_10/Python-2.6.2/Modules/_ctypes/libffi/configure: line 6419: -c: command not found
configure:6424: $? = 127
configure: failed program was:
|       program main
| 
|       end
configure:6440: result: no
configure:6470: checking the maximum length of command line arguments
configure:6582: result: 805306365
configure:6594: checking command to parse /usr/bin/nm -B output from gcc -pthread object
configure:6699: gcc -pthread -c   conftest.c >&5
configure:6702: $? = 0
configure:6706: /usr/bin/nm -B conftest.o \| sed -n -e 's/^.*[ 	]\([ABCDGIRSTW][ABCDGIRSTW]*\)[ 	][ 	]*\([_A-Za-z][_A-Za-z0-9]*\)$/\1 \2 \2/p' \> conftest.nm
configure:6709: $? = 0
configure:6761: gcc -pthread -o conftest    conftest.c conftstm.o >&5
configure:6764: $? = 0
configure:6802: result: ok
configure:6806: checking for objdir
configure:6821: result: .libs
configure:6913: checking for ar
configure:6929: found /usr/bin/ar
configure:6940: result: ar
configure:7009: checking for ranlib
configure:7025: found /usr/bin/ranlib
configure:7036: result: ranlib
configure:7105: checking for strip
configure:7121: found /usr/bin/strip
configure:7132: result: strip
configure:7418: checking if gcc -pthread supports -fno-rtti -fno-exceptions
configure:7436: gcc -pthread -c   -fno-rtti -fno-exceptions conftest.c >&5
cc1: warning: command line option "-fno-rtti" is valid for C++/ObjC++ but not for C
configure:7440: $? = 0
configure:7453: result: no
configure:7468: checking for gcc -pthread option to produce PIC
configure:7700: result: -fPIC
configure:7708: checking if gcc -pthread PIC flag -fPIC works
configure:7726: gcc -pthread -c   -fPIC -DPIC conftest.c >&5
configure:7730: $? = 0
configure:7743: result: yes
configure:7771: checking if gcc -pthread static flag -static works
configure:7799: result: yes
configure:7809: checking if gcc -pthread supports -c -o file.o
configure:7830: gcc -pthread -c   -o out/conftest2.o conftest.c >&5
configure:7834: $? = 0
configure:7856: result: yes
configure:7882: checking whether the gcc -pthread linker (/usr/bin/ld) supports shared libraries
configure:8862: result: yes
configure:8883: checking whether -lc should be explicitly linked in
configure:8888: gcc -pthread -c   conftest.c >&5
configure:8891: $? = 0
configure:8906: gcc -pthread -shared conftest.o  -v -Wl,-soname -Wl,conftest -o conftest 2\>\&1 \| grep  -lc  \>/dev/null 2\>\&1
configure:8909: $? = 0
configure:8921: result: no
configure:8929: checking dynamic linker characteristics
configure:9533: result: GNU/Linux ld.so
configure:9542: checking how to hardcode library paths into programs
configure:9567: result: immediate
configure:9581: checking whether stripping libraries is possible
configure:9586: result: yes
configure:10388: checking if libtool supports shared libraries
configure:10390: result: yes
configure:10393: checking whether to build shared libraries
configure:10414: result: yes
configure:10417: checking whether to build static libraries
configure:10421: result: yes
configure:19711: checking whether to enable maintainer-specific portions of Makefiles
configure:19720: result: no
configure:19749: checking sys/mman.h usability
configure:19766: gcc -pthread -c   conftest.c >&5
configure:19772: $? = 0
configure:19786: result: yes
configure:19790: checking sys/mman.h presence
configure:19805: gcc -pthread -E  conftest.c
configure:19811: $? = 0
configure:19825: result: yes
configure:19858: checking for sys/mman.h
configure:19866: result: yes
configure:19883: checking for mmap
configure:19939: gcc -pthread -o conftest    conftest.c  >&5
configure:19945: $? = 0
configure:19963: result: yes
configure:19975: checking for sys/mman.h
configure:19980: result: yes
configure:20111: checking for mmap
configure:20190: result: yes
configure:20204: checking whether read-only mmap of a plain file works
configure:20221: result: yes
configure:20223: checking whether mmap from /dev/zero works
configure:20245: result: yes
configure:20249: checking for MAP_ANON(YMOUS)
configure:20282: gcc -pthread -c   conftest.c >&5
configure:20288: $? = 0
configure:20303: result: yes
configure:20309: checking whether mmap with MAP_ANON(YMOUS) works
configure:20326: result: yes
configure:20680: checking for ANSI C header files
configure:20844: result: yes
configure:20858: checking for memcpy
configure:20914: gcc -pthread -o conftest    conftest.c  >&5
conftest.c:50: warning: conflicting types for built-in function 'memcpy'
configure:20920: $? = 0
configure:20938: result: yes
configure:20950: checking for working alloca.h
configure:20977: gcc -pthread -o conftest    conftest.c  >&5
configure:20983: $? = 0
configure:21000: result: yes
configure:21010: checking for alloca
configure:21057: gcc -pthread -o conftest    conftest.c  >&5
configure:21063: $? = 0
configure:21080: result: yes
configure:21308: checking for double
configure:21338: gcc -pthread -c   conftest.c >&5
configure:21344: $? = 0
configure:21359: result: yes
configure:21366: checking size of double
configure:21668: gcc -pthread -o conftest    conftest.c  >&5
configure:21671: $? = 0
configure:21677: ./conftest
configure:21680: $? = 0
configure:21703: result: 8
configure:21713: checking for long double
configure:21743: gcc -pthread -c   conftest.c >&5
configure:21749: $? = 0
configure:21764: result: yes
configure:21771: checking size of long double
configure:22073: gcc -pthread -o conftest    conftest.c  >&5
configure:22076: $? = 0
configure:22082: ./conftest
configure:22085: $? = 0
configure:22108: result: 12
configure:22135: checking whether byte ordering is bigendian
configure:22168: gcc -pthread -c   conftest.c >&5
configure:22174: $? = 0
configure:22206: gcc -pthread -c   conftest.c >&5
conftest.c: In function 'main':
conftest.c:40: error: 'not' undeclared (first use in this function)
conftest.c:40: error: (Each undeclared identifier is reported only once
conftest.c:40: error: for each function it appears in.)
conftest.c:40: error: expected ';' before 'big'
configure:22212: $? = 1
configure: failed program was:
| /* confdefs.h.  */
| #define PACKAGE_NAME "libffi"
| #define PACKAGE_TARNAME "libffi"
| #define PACKAGE_VERSION "3.0.5"
| #define PACKAGE_STRING "libffi 3.0.5"
| #define PACKAGE_BUGREPORT "http://gcc.gnu.org/bugs.html"
| #define PACKAGE "libffi"
| #define VERSION "3.0.5"
| #define STDC_HEADERS 1
| #define HAVE_SYS_TYPES_H 1
| #define HAVE_SYS_STAT_H 1
| #define HAVE_STDLIB_H 1
| #define HAVE_STRING_H 1
| #define HAVE_MEMORY_H 1
| #define HAVE_STRINGS_H 1
| #define HAVE_INTTYPES_H 1
| #define HAVE_STDINT_H 1
| #define HAVE_UNISTD_H 1
| #define HAVE_DLFCN_H 1
| #define HAVE_SYS_MMAN_H 1
| #define HAVE_MMAP 1
| #define HAVE_MMAP_FILE 1
| #define HAVE_MMAP_DEV_ZERO 1
| #define HAVE_MMAP_ANON 1
| #define STDC_HEADERS 1
| #define HAVE_MEMCPY 1
| #define HAVE_ALLOCA_H 1
| #define HAVE_ALLOCA 1
| #define SIZEOF_DOUBLE 8
| #define SIZEOF_LONG_DOUBLE 12
| #define HAVE_LONG_DOUBLE 1
| /* end confdefs.h.  */
| #include <sys/types.h>
| #include <sys/param.h>
| 
| int
| main ()
| {
| #if BYTE_ORDER != BIG_ENDIAN
|  not big endian
| #endif
| 
|   ;
|   return 0;
| }
configure:22352: result: no
configure:22372: checking assembler .cfi pseudo-op support
configure:22400: gcc -pthread -c   conftest.c >&5
configure:22406: $? = 0
configure:22422: result: yes
configure:22561: checking whether .eh_frame section should be read-only
configure:22580: result: no
configure:22601: checking for __attribute__((visibility("hidden")))
configure:22610: gcc -pthread -Werror -S conftest.c -o conftest.s 1>&5
configure:22613: $? = 0
configure:22622: result: yes
configure:23037: creating ./config.status

## ---------------------- ##
## Running config.status. ##
## ---------------------- ##

This file was extended by libffi config.status 3.0.5, which was
generated by GNU Autoconf 2.61.  Invocation command line was

  CONFIG_FILES    = 
  CONFIG_HEADERS  = 
  CONFIG_LINKS    = 
  CONFIG_COMMANDS = 
  $ ./config.status 

on imk-ubuntu

config.status:742: creating include/ffi.h
config.status:742: creating fficonfig.py
config.status:742: creating fficonfig.h
config.status:1027: linking /home/imk/symbian/epocroot-pdk-3.0.h/build/sbsv2/raptor/util/build/linux-unknown-libc2_10/Python-2.6.2/Modules/_ctypes/libffi/src/x86/ffitarget.h to include/ffitarget.h
config.status:1027: linking /home/imk/symbian/epocroot-pdk-3.0.h/build/sbsv2/raptor/util/build/linux-unknown-libc2_10/Python-2.6.2/Modules/_ctypes/libffi/include/ffi_common.h to include/ffi_common.h
config.status:1049: executing depfiles commands
config.status:1049: executing include commands
config.status:1049: executing src commands

## ---------------- ##
## Cache variables. ##
## ---------------- ##

ac_cv_build=i686-pc-linux-gnu
ac_cv_c_bigendian=no
ac_cv_c_compiler_gnu=yes
ac_cv_cxx_compiler_gnu=yes
ac_cv_decl_map_anon=yes
ac_cv_env_CCASFLAGS_set=
ac_cv_env_CCASFLAGS_value=
ac_cv_env_CCAS_set=
ac_cv_env_CCAS_value=
ac_cv_env_CCC_set=
ac_cv_env_CCC_value=
ac_cv_env_CPPFLAGS_set=
ac_cv_env_CPPFLAGS_value=
ac_cv_env_CPP_set=
ac_cv_env_CPP_value=
ac_cv_env_CXXCPP_set=
ac_cv_env_CXXCPP_value=
ac_cv_env_CXXFLAGS_set=
ac_cv_env_CXXFLAGS_value=
ac_cv_env_CXX_set=
ac_cv_env_CXX_value=
ac_cv_env_F77_set=
ac_cv_env_F77_value=
ac_cv_env_FFLAGS_set=
ac_cv_env_FFLAGS_value=
ac_cv_env_LDFLAGS_set=
ac_cv_env_LDFLAGS_value=
ac_cv_env_LIBS_set=
ac_cv_env_LIBS_value=
ac_cv_env_build_alias_set=
ac_cv_env_build_alias_value=
ac_cv_env_host_alias_set=
ac_cv_env_host_alias_value=
ac_cv_env_target_alias_set=
ac_cv_env_target_alias_value=
ac_cv_f77_compiler_gnu=no
ac_cv_func_alloca_works=yes
ac_cv_func_memcpy=yes
ac_cv_func_mmap=yes
ac_cv_func_mmap_anon=yes
ac_cv_func_mmap_dev_zero=yes
ac_cv_func_mmap_file=yes
ac_cv_header_dlfcn_h=yes
ac_cv_header_inttypes_h=yes
ac_cv_header_memory_h=yes
ac_cv_header_stdc=yes
ac_cv_header_stdint_h=yes
ac_cv_header_stdlib_h=yes
ac_cv_header_string_h=yes
ac_cv_header_strings_h=yes
ac_cv_header_sys_mman_h=yes
ac_cv_header_sys_stat_h=yes
ac_cv_header_sys_types_h=yes
ac_cv_header_unistd_h=yes
ac_cv_host=i686-pc-linux-gnu
ac_cv_objext=o
ac_cv_path_EGREP='/bin/grep -E'
ac_cv_path_GREP=/bin/grep
ac_cv_path_install='/usr/bin/install -c'
ac_cv_path_mkdir=/bin/mkdir
ac_cv_prog_AWK=mawk
ac_cv_prog_CPP='gcc -pthread -E'
ac_cv_prog_CXXCPP='g++ -E'
ac_cv_prog_ac_ct_AR=ar
ac_cv_prog_ac_ct_CC='gcc -pthread'
ac_cv_prog_ac_ct_CXX=g++
ac_cv_prog_ac_ct_RANLIB=ranlib
ac_cv_prog_ac_ct_STRIP=strip
ac_cv_prog_cc_c89=
ac_cv_prog_cc_g=yes
ac_cv_prog_cc_gcc_c_o=yes
ac_cv_prog_cxx_g=yes
ac_cv_prog_f77_g=no
ac_cv_prog_make_make_set=yes
ac_cv_sizeof_double=8
ac_cv_sizeof_long_double=12
ac_cv_target=i686-pc-linux-gnu
ac_cv_type_double=yes
ac_cv_type_long_double=yes
ac_cv_working_alloca_h=yes
am_cv_CCAS_dependencies_compiler_type=none
am_cv_CC_dependencies_compiler_type=none
am_cv_CXX_dependencies_compiler_type=none
libffi_cv_as_cfi_pseudo_op=yes
libffi_cv_hidden_visibility_attribute=yes
libffi_cv_ro_eh_frame=no
lt_cv_deplibs_check_method=pass_all
lt_cv_file_magic_cmd='$MAGIC_CMD'
lt_cv_file_magic_test_file=
lt_cv_ld_reload_flag=-r
lt_cv_objdir=.libs
lt_cv_path_LD=/usr/bin/ld
lt_cv_path_NM='/usr/bin/nm -B'
lt_cv_path_SED=/bin/sed
lt_cv_prog_compiler_c_o=yes
lt_cv_prog_compiler_rtti_exceptions=no
lt_cv_prog_gnu_ld=yes
lt_cv_sys_global_symbol_pipe='sed -n -e '\''s/^.*[ 	]\([ABCDGIRSTW][ABCDGIRSTW]*\)[ 	][ 	]*\([_A-Za-z][_A-Za-z0-9]*\)$/\1 \2 \2/p'\'''
lt_cv_sys_global_symbol_to_c_name_address='sed -n -e '\''s/^: \([^ ]*\) $/  {\"\1\", (lt_ptr) 0},/p'\'' -e '\''s/^[BCDEGRST] \([^ ]*\) \([^ ]*\)$/  {"\2", (lt_ptr) \&\2},/p'\'''
lt_cv_sys_global_symbol_to_cdecl='sed -n -e '\''s/^. .* \(.*\)$/extern int \1;/p'\'''
lt_cv_sys_max_cmd_len=805306365

## ----------------- ##
## Output variables. ##
## ----------------- ##

ACLOCAL='${SHELL} /home/imk/symbian/epocroot-pdk-3.0.h/build/sbsv2/raptor/util/build/linux-unknown-libc2_10/Python-2.6.2/Modules/_ctypes/libffi/missing --run aclocal-1.10'
ALLOCA=''
ALPHA_FALSE=''
ALPHA_TRUE='#'
AMDEPBACKSLASH='\'
AMDEP_FALSE='#'
AMDEP_TRUE=''
AMTAR='${SHELL} /home/imk/symbian/epocroot-pdk-3.0.h/build/sbsv2/raptor/util/build/linux-unknown-libc2_10/Python-2.6.2/Modules/_ctypes/libffi/missing --run tar'
AM_RUNTESTFLAGS=''
AR='ar'
ARM_FALSE=''
ARM_TRUE='#'
AUTOCONF='${SHELL} /home/imk/symbian/epocroot-pdk-3.0.h/build/sbsv2/raptor/util/build/linux-unknown-libc2_10/Python-2.6.2/Modules/_ctypes/libffi/missing --run autoconf'
AUTOHEADER='${SHELL} /home/imk/symbian/epocroot-pdk-3.0.h/build/sbsv2/raptor/util/build/linux-unknown-libc2_10/Python-2.6.2/Modules/_ctypes/libffi/missing --run autoheader'
AUTOMAKE='${SHELL} /home/imk/symbian/epocroot-pdk-3.0.h/build/sbsv2/raptor/util/build/linux-unknown-libc2_10/Python-2.6.2/Modules/_ctypes/libffi/missing --run automake-1.10'
AWK='mawk'
CC='gcc -pthread'
CCAS='gcc -pthread'
CCASDEPMODE='depmode=none'
CCASFLAGS=''
CCDEPMODE='depmode=none'
CFLAGS=''
CPP='gcc -pthread -E'
CPPFLAGS=''
CXX='g++'
CXXCPP='g++ -E'
CXXDEPMODE='depmode=none'
CXXFLAGS='-g -O2'
CYGPATH_W='echo'
DEFS='-DHAVE_CONFIG_H'
DEPDIR='.deps'
ECHO='echo'
ECHO_C=''
ECHO_N='-n'
ECHO_T=''
EGREP='/bin/grep -E'
EXEEXT=''
F77=''
FFLAGS=''
FRV_FALSE=''
FRV_TRUE='#'
GREP='/bin/grep'
HAVE_LONG_DOUBLE='1'
IA64_FALSE=''
IA64_TRUE='#'
INSTALL_DATA='${INSTALL} -m 644'
INSTALL_PROGRAM='${INSTALL}'
INSTALL_SCRIPT='${INSTALL}'
INSTALL_STRIP_PROGRAM='$(install_sh) -c -s'
LDFLAGS=''
LIBFFI_CRIS_FALSE=''
LIBFFI_CRIS_TRUE='#'
LIBOBJS=''
LIBS=''
LIBTOOL='$(SHELL) $(top_builddir)/libtool'
LN_S='ln -s'
LTLIBOBJS=''
M32R_FALSE=''
M32R_TRUE='#'
M68K_FALSE=''
M68K_TRUE='#'
MAINT='#'
MAINTAINER_MODE_FALSE=''
MAINTAINER_MODE_TRUE='#'
MAKEINFO='${SHELL} /home/imk/symbian/epocroot-pdk-3.0.h/build/sbsv2/raptor/util/build/linux-unknown-libc2_10/Python-2.6.2/Modules/_ctypes/libffi/missing --run makeinfo'
MIPS_FALSE=''
MIPS_TRUE='#'
OBJEXT='o'
PA64_HPUX_FALSE=''
PA64_HPUX_TRUE='#'
PACKAGE='libffi'
PACKAGE_BUGREPORT='http://gcc.gnu.org/bugs.html'
PACKAGE_NAME='libffi'
PACKAGE_STRING='libffi 3.0.5'
PACKAGE_TARNAME='libffi'
PACKAGE_VERSION='3.0.5'
PATH_SEPARATOR=':'
PA_HPUX_FALSE=''
PA_HPUX_TRUE='#'
PA_LINUX_FALSE=''
PA_LINUX_TRUE='#'
POWERPC_AIX_FALSE=''
POWERPC_AIX_TRUE='#'
POWERPC_DARWIN_FALSE=''
POWERPC_DARWIN_TRUE='#'
POWERPC_FALSE=''
POWERPC_FREEBSD_FALSE=''
POWERPC_FREEBSD_TRUE='#'
POWERPC_TRUE='#'
RANLIB='ranlib'
S390_FALSE=''
S390_TRUE='#'
SED='/bin/sed'
SET_MAKE=''
SH64_FALSE=''
SH64_TRUE='#'
SHELL='/bin/sh'
SH_FALSE=''
SH_TRUE='#'
SPARC_FALSE=''
SPARC_TRUE='#'
STRIP='strip'
TARGET='X86'
TARGETDIR='x86'
TESTSUBDIR_FALSE=''
TESTSUBDIR_TRUE='#'
VERSION='3.0.5'
X86_64_FALSE=''
X86_64_TRUE='#'
X86_DARWIN_FALSE=''
X86_DARWIN_TRUE='#'
X86_FALSE='#'
X86_FREEBSD_FALSE=''
X86_FREEBSD_TRUE='#'
X86_TRUE=''
X86_WIN32_FALSE=''
X86_WIN32_TRUE='#'
ac_ct_CC='gcc -pthread'
ac_ct_CXX='g++'
ac_ct_F77=''
am__fastdepCCAS_FALSE=''
am__fastdepCCAS_TRUE='#'
am__fastdepCC_FALSE=''
am__fastdepCC_TRUE='#'
am__fastdepCXX_FALSE=''
am__fastdepCXX_TRUE='#'
am__include='include'
am__isrc=' -I$(srcdir)'
am__leading_dot='.'
am__quote=''
am__tar='${AMTAR} chof - "$$tardir"'
am__untar='${AMTAR} xf -'
bindir='${exec_prefix}/bin'
build='i686-pc-linux-gnu'
build_alias=''
build_cpu='i686'
build_os='linux-gnu'
build_vendor='pc'
datadir='${datarootdir}'
datarootdir='${prefix}/share'
docdir='${datarootdir}/doc/${PACKAGE_TARNAME}'
dvidir='${docdir}'
exec_prefix='${prefix}'
host='i686-pc-linux-gnu'
host_alias=''
host_cpu='i686'
host_os='linux-gnu'
host_vendor='pc'
htmldir='${docdir}'
includedir='${prefix}/include'
infodir='${datarootdir}/info'
install_sh='$(SHELL) /home/imk/symbian/epocroot-pdk-3.0.h/build/sbsv2/raptor/util/build/linux-unknown-libc2_10/Python-2.6.2/Modules/_ctypes/libffi/install-sh'
libdir='${exec_prefix}/lib'
libexecdir='${exec_prefix}/libexec'
localedir='${datarootdir}/locale'
localstatedir='${prefix}/var'
mandir='${datarootdir}/man'
mkdir_p='/bin/mkdir -p'
oldincludedir='/usr/include'
pdfdir='${docdir}'
prefix='/usr/local'
program_transform_name='s,x,x,'
psdir='${docdir}'
sbindir='${exec_prefix}/sbin'
sharedstatedir='${prefix}/com'
sysconfdir='${prefix}/etc'
target='i686-pc-linux-gnu'
target_alias=''
target_cpu='i686'
target_os='linux-gnu'
target_vendor='pc'
toolexecdir='$(libdir)/gcc-lib/$(target_alias)'
toolexeclibdir='$(libdir)/../lib'

## ----------- ##
## confdefs.h. ##
## ----------- ##

#define PACKAGE_NAME "libffi"
#define PACKAGE_TARNAME "libffi"
#define PACKAGE_VERSION "3.0.5"
#define PACKAGE_STRING "libffi 3.0.5"
#define PACKAGE_BUGREPORT "http://gcc.gnu.org/bugs.html"
#define PACKAGE "libffi"
#define VERSION "3.0.5"
#define STDC_HEADERS 1
#define HAVE_SYS_TYPES_H 1
#define HAVE_SYS_STAT_H 1
#define HAVE_STDLIB_H 1
#define HAVE_STRING_H 1
#define HAVE_MEMORY_H 1
#define HAVE_STRINGS_H 1
#define HAVE_INTTYPES_H 1
#define HAVE_STDINT_H 1
#define HAVE_UNISTD_H 1
#define HAVE_DLFCN_H 1
#define HAVE_SYS_MMAN_H 1
#define HAVE_MMAP 1
#define HAVE_MMAP_FILE 1
#define HAVE_MMAP_DEV_ZERO 1
#define HAVE_MMAP_ANON 1
#define STDC_HEADERS 1
#define HAVE_MEMCPY 1
#define HAVE_ALLOCA_H 1
#define HAVE_ALLOCA 1
#define SIZEOF_DOUBLE 8
#define SIZEOF_LONG_DOUBLE 12
#define HAVE_LONG_DOUBLE 1
#define HAVE_AS_CFI_PSEUDO_OP 1
#define EH_FRAME_FLAGS "aw"
#define HAVE_HIDDEN_VISIBILITY_ATTRIBUTE 1

configure: exit 0
